<?xml version="1.0" encoding="UTF-8"?>
<testng-results ignored="0" total="2" passed="2" failed="0" skipped="0">
  <reporter-output>
  </reporter-output>
  <suite started-at="2024-10-30T23:06:04 IST" name="Default suite" finished-at="2024-10-30T23:06:33 IST" duration-ms="28533">
    <groups>
    </groups>
    <test started-at="2024-10-30T23:06:04 IST" name="Default test" finished-at="2024-10-30T23:06:33 IST" duration-ms="28533">
      <class name="login.nimapinfotech">
        <test-method is-config="true" signature="setup()[pri:0, instance:login.nimapinfotech@41a2befb]" started-at="2024-10-30T23:06:04 IST" name="setup" finished-at="2024-10-30T23:06:10 IST" duration-ms="5335" status="PASS">
          <reporter-output>
          </reporter-output>
        </test-method> <!-- setup -->
        <test-method signature="loginTest()[pri:1, instance:login.nimapinfotech@41a2befb]" started-at="2024-10-30T23:06:10 IST" name="loginTest" finished-at="2024-10-30T23:06:20 IST" duration-ms="10279" status="PASS">
          <reporter-output>
          </reporter-output>
        </test-method> <!-- loginTest -->
        <test-method signature="addcustomer()[pri:2, instance:login.nimapinfotech@41a2befb]" started-at="2024-10-30T23:06:20 IST" name="addcustomer" finished-at="2024-10-30T23:06:23 IST" duration-ms="2594" status="PASS">
          <reporter-output>
          </reporter-output>
        </test-method> <!-- addcustomer -->
        <test-method is-config="true" signature="tearDown()[pri:0, instance:login.nimapinfotech@41a2befb]" started-at="2024-10-30T23:06:23 IST" name="tearDown" finished-at="2024-10-30T23:06:33 IST" duration-ms="10264" status="PASS">
          <reporter-output>
          </reporter-output>
        </test-method> <!-- tearDown -->
      </class> <!-- login.nimapinfotech -->
    </test> <!-- Default test -->
  </suite> <!-- Default suite -->
</testng-results>
